<?xml version="1.0" encoding="UTF-8"?>
<!-- Generated by org.testng.reporters.JUnitReportReporter -->
<testsuite skipped="0" hostname="TJ" name="day12.DataProviderTestnG" tests="2" failures="0" timestamp="2021-09-14T11:51:16 IST" time="0.012" errors="0">
  <testcase name="tc" time="0.010" classname="day12.DataProviderTestnG"/>
  <system-out/>
  <testcase name="tc" time="0.002" classname="day12.DataProviderTestnG"/>
  <system-out/>
</testsuite> <!-- day12.DataProviderTestnG -->
