<?xml version="1.0" encoding="UTF-8"?>
<!-- Generated by org.testng.reporters.JUnitReportReporter -->
<testsuite skipped="0" hostname="TJ" name="day11.TestNGAnnotations" tests="2" failures="0" timestamp="2021-09-14T10:13:44 IST" time="0.001" errors="0">
  <testcase name="testCase2" time="0.000" classname="day11.TestNGAnnotations"/>
  <system-out/>
  <testcase name="testCase" time="0.001" classname="day11.TestNGAnnotations"/>
  <system-out/>
</testsuite> <!-- day11.TestNGAnnotations -->
