<?xml version="1.0" encoding="UTF-8"?>
<!-- Generated by org.testng.reporters.JUnitReportReporter -->
<testsuite skipped="0" hostname="TJ" name="day12.GroupingOfTestCases" tests="2" failures="0" timestamp="2021-09-14T11:24:09 IST" time="0.015" errors="0">
  <testcase name="testCase" time="0.013" classname="day12.GroupingOfTestCases"/>
  <system-out/>
  <testcase name="testCase2" time="0.002" classname="day12.GroupingOfTestCases"/>
  <system-out/>
</testsuite> <!-- day12.GroupingOfTestCases -->
