<?xml version="1.0" encoding="UTF-8"?>
<!-- Generated by org.testng.reporters.JUnitReportReporter -->
<testsuite skipped="1" hostname="TJ" name="day12.SkippingTestCase" tests="3" failures="0" timestamp="2021-09-14T11:17:19 IST" time="0.008" errors="0">
  <testcase name="testCase2" time="0.007" classname="day12.SkippingTestCase"/>
  <system-out/>
  <testcase name="testCase3" time="0.001" classname="day12.SkippingTestCase"/>
  <system-out/>
  <testcase name="testCase" classname="day12.SkippingTestCase">
    <skipped/>
  </testcase> <!-- testCase -->
  <system-out/>
</testsuite> <!-- day12.SkippingTestCase -->
