<?xml version="1.0" encoding="UTF-8"?>
<!-- Generated by org.testng.reporters.JUnitReportReporter -->
<testsuite skipped="0" hostname="TJ" name="day12.RemainingAnnotations" tests="1" failures="0" timestamp="2021-09-14T10:27:43 IST" time="0.009" errors="0">
  <testcase name="testScenario" time="0.009" classname="day12.RemainingAnnotations"/>
  <system-out/>
</testsuite> <!-- day12.RemainingAnnotations -->
