<?xml version="1.0" encoding="UTF-8"?>
<!-- Generated by org.testng.reporters.JUnitReportReporter -->
<testsuite skipped="0" hostname="TJ" name="day11.TestNGFirstScript" tests="1" failures="0" timestamp="2021-09-14T10:13:44 IST" time="0.009" errors="0">
  <testcase name="testCase" time="0.009" classname="day11.TestNGFirstScript"/>
  <system-out/>
</testsuite> <!-- day11.TestNGFirstScript -->
