<?xml version="1.0" encoding="UTF-8"?>
<!-- Generated by org.testng.reporters.JUnitReportReporter -->
<testsuite skipped="0" hostname="TJ" name="day12.WorkingWithPriority" tests="3" failures="0" timestamp="2021-09-14T11:15:59 IST" time="0.010" errors="0">
  <testcase name="testCase3" time="0.001" classname="day12.WorkingWithPriority"/>
  <system-out/>
  <testcase name="testCase2" time="0.008" classname="day12.WorkingWithPriority"/>
  <system-out/>
  <testcase name="testCase" time="0.001" classname="day12.WorkingWithPriority"/>
  <system-out/>
</testsuite> <!-- day12.WorkingWithPriority -->
